<?xml version="1.0" encoding="UTF-8"?>
<!-- Generated by org.testng.reporters.JUnitReportReporter -->
<testsuite skipped="0" hostname="DESKTOP-8PDR25K" name="smartBearApplicationTestCase.SB_Sports_008" tests="1" failures="0" timestamp="2023-01-23T09:34:44 IST" time="4.556" errors="0">
  <testcase name="removeButton" time="4.556" classname="smartBearApplicationTestCase.SB_Sports_008"/>
  <system-out>
Product is Removed From Cart  </system-out>
</testsuite> <!-- smartBearApplicationTestCase.SB_Sports_008 -->
