<?xml version="1.0" encoding="UTF-8"?>
<!-- Generated by org.testng.reporters.JUnitReportReporter -->
<testsuite skipped="0" hostname="DESKTOP-8PDR25K" name="smartBearApplicationTestCase.SB_Sports_010" tests="1" failures="0" timestamp="2023-01-23T09:34:44 IST" time="0.762" errors="0">
  <testcase name="aboutUsButton" time="0.762" classname="smartBearApplicationTestCase.SB_Sports_010"/>
  <system-out>
about Us Page  </system-out>
</testsuite> <!-- smartBearApplicationTestCase.SB_Sports_010 -->
