<?xml version="1.0" encoding="UTF-8"?>
<!-- Generated by org.testng.reporters.JUnitReportReporter -->
<testsuite skipped="0" hostname="DESKTOP-8PDR25K" name="smartBearApplicationTestCase.SB_Sports_007" tests="1" failures="0" timestamp="2023-01-23T09:34:44 IST" time="3.294" errors="0">
  <testcase name="addToCart" time="3.294" classname="smartBearApplicationTestCase.SB_Sports_007"/>
  <system-out>
Product Successfully Added To Cart  </system-out>
</testsuite> <!-- smartBearApplicationTestCase.SB_Sports_007 -->
