<?xml version="1.0" encoding="UTF-8"?>
<!-- Generated by org.testng.reporters.JUnitReportReporter -->
<testsuite skipped="0" hostname="DESKTOP-8PDR25K" name="smartBearApplicationTestCase.SB_Sports_002" tests="1" failures="0" timestamp="2023-01-23T09:49:36 IST" time="9.966" errors="0">
  <testcase name="sportsCategory" time="9.966" classname="smartBearApplicationTestCase.SB_Sports_002"/>
  <system-out>
Price  </system-out>
</testsuite> <!-- smartBearApplicationTestCase.SB_Sports_002 -->
