<?xml version="1.0" encoding="UTF-8"?>
<!-- Generated by org.testng.reporters.JUnitReportReporter -->
<testsuite skipped="0" hostname="DESKTOP-8PDR25K" name="smartBearApplicationTestCase.SB_Sports_004" tests="1" failures="0" timestamp="2023-01-23T09:34:44 IST" time="2.647" errors="0">
  <testcase name="Showbutton" time="2.647" classname="smartBearApplicationTestCase.SB_Sports_004"/>
  <system-out>
user clicked on Sport DropDown user clicked on BasketBall Button  </system-out>
</testsuite> <!-- smartBearApplicationTestCase.SB_Sports_004 -->
