<?xml version="1.0" encoding="UTF-8"?>
<!-- Generated by org.testng.reporters.JUnitReportReporter -->
<testsuite skipped="0" hostname="DESKTOP-8PDR25K" name="smartBearApplicationTestCase.SB_Sports_001" tests="1" failures="0" timestamp="2023-01-23T09:48:30 IST" time="5.382" errors="0">
  <testcase name="sportsCategory" time="5.382" classname="smartBearApplicationTestCase.SB_Sports_001"/>
  <system-out/>
</testsuite> <!-- smartBearApplicationTestCase.SB_Sports_001 -->
