<?xml version="1.0" encoding="UTF-8"?>
<!-- Generated by org.testng.reporters.JUnitReportReporter -->
<testsuite skipped="0" hostname="DESKTOP-8PDR25K" name="smartBearApplicationTestCase.SB_Sports_003" tests="1" failures="0" timestamp="2023-01-23T09:52:26 IST" time="9.991" errors="0">
  <testcase name="sortbyrelevancedropdown" time="9.991" classname="smartBearApplicationTestCase.SB_Sports_003"/>
  <system-out>
user clicked on Sport DropDown user clicked on BasketBall Button user clicked on Sort By DropDown user clicked on Sort By Name:A to Z  </system-out>
</testsuite> <!-- smartBearApplicationTestCase.SB_Sports_003 -->
